1510181498689	geckodriver	INFO	geckodriver 0.19.0
1510181498695	geckodriver	INFO	Listening on 127.0.0.1:56459
1510181500405	mozrunner::runner	INFO	Running command: "C:\\Program Files (x86)\\Mozilla Firefox\\firefox.exe" "-marionette" "-profile" "C:\\Users\\Closed\\AppData\\Local\\Temp\\rust_mozprofile.gYGYffNNmcBa"
1510181501003	addons.xpi	WARN	Error parsing extensions state: [Exception... "Component returned failure code: 0x80520012 (NS_ERROR_FILE_NOT_FOUND) [amIAddonManagerStartup.readStartupData]"  nsresult: "0x80520012 (NS_ERROR_FILE_NOT_FOUND)"  location: "JS frame :: resource://gre/modules/addons/XPIProvider.jsm :: loadExtensionState :: line 1554"  data: no] Stack trace: loadExtensionState()@resource://gre/modules/addons/XPIProvider.jsm:1554 < getInstallState()@resource://gre/modules/addons/XPIProvider.jsm:1589 < checkForChanges()@resource://gre/modules/addons/XPIProvider.jsm:3109 < startup()@resource://gre/modules/addons/XPIProvider.jsm:2188 < callProvider()@resource://gre/modules/AddonManager.jsm:269 < _startProvider()@resource://gre/modules/AddonManager.jsm:739 < startup()@resource://gre/modules/AddonManager.jsm:906 < startup()@resource://gre/modules/AddonManager.jsm:3090 < observe()@jar:file:///C:/Program%20Files%20(x86)/Mozilla%20Firefox/omni.ja!/components/addonManager.js:65
1510181501981	Marionette	INFO	Enabled via --marionette
Unable to read VR Path Registry from C:\Users\Closed\AppData\Local\openvr\openvrpaths.vrpath
[Parent 5428] WARNING: pipe error: 109: file z:/build/build/src/ipc/chromium/src/chrome/common/ipc_channel_win.cc, line 346
Unable to read VR Path Registry from C:\Users\Closed\AppData\Local\openvr\openvrpaths.vrpath
[Child 5812] WARNING: pipe error: 109: file z:/build/build/src/ipc/chromium/src/chrome/common/ipc_channel_win.cc, line 346
[Child 5812] WARNING: pipe error: 109: file z:/build/build/src/ipc/chromium/src/chrome/common/ipc_channel_win.cc, line 346
1510181507233	Marionette	INFO	Listening on port 56465
1510181507811	Marionette	WARN	TLS certificate errors will be ignored for this session
1510181507890	Marionette	DEBUG	Register listener.js for window 6442450945
1510181507969	Marionette	DEBUG	Received DOM event "beforeunload" for "about:blank"
1510181509372	Marionette	DEBUG	Received DOM event "pagehide" for "about:blank"
1510181509372	Marionette	DEBUG	Received DOM event "unload" for "about:blank"
1510181509999	Marionette	DEBUG	Received DOM event "DOMContentLoaded" for "https://www.google.pl/?gfe_rd=cr&dcr=0&ei=hIoDWseVDNOCNI-tobgP&gws_rd=ssl"
1510181510689	Marionette	DEBUG	Received DOM event "pageshow" for "https://www.google.pl/?gfe_rd=cr&dcr=0&ei=hIoDWseVDNOCNI-tobgP&gws_rd=ssl"
[Parent 5428] WARNING: pipe error: 109: file z:/build/build/src/ipc/chromium/src/chrome/common/ipc_channel_win.cc, line 346
[Parent 5428] WARNING: pipe error: 109: file z:/build/build/src/ipc/chromium/src/chrome/common/ipc_channel_win.cc, line 346
Unable to read VR Path Registry from C:\Users\Closed\AppData\Local\openvr\openvrpaths.vrpath
[Child 1984] WARNING: pipe error: 109: file z:/build/build/src/ipc/chromium/src/chrome/common/ipc_channel_win.cc, line 346
*** UTM:SVC TimerManager:registerTimer called after profile-before-change notification. Ignoring timer registration for id: telemetry_modules_ping

###!!! [Child][MessageChannel::SendAndWait] Error: Channel error: cannot send/recv

